
> zhizun99@0.1.0 serve /Users/yangsenjun/IdeaProjects/tuling/mall/tulingmall-front
> vue-cli-service serve --mode=development "$"

 INFO  Starting development server...
<s> [webpack.Progress] 0% compiling
<s> [webpack.Progress] 10% building 0/0 modules 0 active 
<s> [webpack.Progress] 10% building 0/1 modules 1 active multi /Users/yangsenjun/IdeaProjects/tuling/mall/tulingmall-front/node_modules/_webpack-dev-server@3.11.2@webpack-dev-server/client/index.js?http://localhost:8080&sockPath=/sockjs-node /Users/yangsenjun/IdeaProjects/tuling/mall/tulingmall-front/node_modules/_webpack@4.46.0@webpack/hot/dev-server.js /Users/yangsenjun/IdeaProjects/tuling/mall/tulingmall-front/$
<s> [webpack.Progress] 10% building 1/1 modules 0 active 
<s> [webpack.Progress] 10% building 1/1 modules 0 active 
<s> [webpack.Progress] 10% building 1/2 modules 1 active multi /Users/yangsenjun/IdeaProjects/tuling/mall/tulingmall-front/node_modules/_webpack@4.46.0@webpack/hot/dev-server.js /Users/yangsenjun/IdeaProjects/tuling/mall/tulingmall-front/node_modules/_webpack-dev-server@3.11.2@webpack-dev-server/client/index.js?http://localhost:8080&sockPath=/sockjs-node /Users/yangsenjun/IdeaProjects/tuling/mall/tulingmall-front/$
<s> [webpack.Progress] 10% building 2/2 modules 0 active 
<s> [webpack.Progress] 10% building 2/3 modules 1 active /Users/yangsenjun/IdeaProjects/tuling/mall/tulingmall-front/node_modules/_webpack-dev-server@3.11.2@webpack-dev-server/client/index.js?http://localhost:8080&sockPath=/sockjs-node
<s> [webpack.Progress] 10% building 2/4 modules 2 active /Users/yangsenjun/IdeaProjects/tuling/mall/tulingmall-front/node_modules/_webpack@4.46.0@webpack/hot/dev-server.js
<s> [webpack.Progress] 10% building 3/4 modules 1 active /Users/yangsenjun/IdeaProjects/tuling/mall/tulingmall-front/node_modules/_webpack-dev-server@3.11.2@webpack-dev-server/client/index.js?http://localhost:8080&sockPath=/sockjs-node
<s> [webpack.Progress] 10% building 4/4 modules 0 active 
<s> [webpack.Progress] 10% building 4/5 modules 1 active /Users/yangsenjun/IdeaProjects/tuling/mall/tulingmall-front/node_modules/_webpack@4.46.0@webpack/hot/log.js
<s> [webpack.Progress] 10% building 4/6 modules 2 active /Users/yangsenjun/IdeaProjects/tuling/mall/tulingmall-front/node_modules/_webpack@4.46.0@webpack/hot/log-apply-result.js
<s> [webpack.Progress] 10% building 4/7 modules 3 active /Users/yangsenjun/IdeaProjects/tuling/mall/tulingmall-front/node_modules/_webpack@4.46.0@webpack/hot/emitter.js
<s> [webpack.Progress] 10% building 4/8 modules 4 active /Users/yangsenjun/IdeaProjects/tuling/mall/tulingmall-front/node_modules/_webpack-dev-server@3.11.2@webpack-dev-server/client/socket.js
<s> [webpack.Progress] 10% building 4/9 modules 5 active /Users/yangsenjun/IdeaProjects/tuling/mall/tulingmall-front/node_modules/_webpack-dev-server@3.11.2@webpack-dev-server/client/overlay.js
<s> [webpack.Progress] 10% building 4/10 modules 6 active /Users/yangsenjun/IdeaProjects/tuling/mall/tulingmall-front/node_modules/webpack/hot sync nonrecursive /^\.\/log$/
<s> [webpack.Progress] 10% building 4/11 modules 7 active /Users/yangsenjun/IdeaProjects/tuling/mall/tulingmall-front/node_modules/_webpack-dev-server@3.11.2@webpack-dev-server/client/utils/log.js
<s> [webpack.Progress] 10% building 4/12 modules 8 active /Users/yangsenjun/IdeaProjects/tuling/mall/tulingmall-front/node_modules/_webpack-dev-server@3.11.2@webpack-dev-server/client/utils/sendMessage.js
<s> [webpack.Progress] 10% building 4/13 modules 9 active /Users/yangsenjun/IdeaProjects/tuling/mall/tulingmall-front/node_modules/_webpack-dev-server@3.11.2@webpack-dev-server/client/utils/reloadApp.js
<s> [webpack.Progress] 10% building 4/14 modules 10 active /Users/yangsenjun/IdeaProjects/tuling/mall/tulingmall-front/node_modules/_webpack-dev-server@3.11.2@webpack-dev-server/client/utils/createSocketUrl.js
<s> [webpack.Progress] 10% building 5/14 modules 9 active /Users/yangsenjun/IdeaProjects/tuling/mall/tulingmall-front/node_modules/_webpack-dev-server@3.11.2@webpack-dev-server/client/utils/createSocketUrl.js
<s> [webpack.Progress] 10% building 6/14 modules 8 active /Users/yangsenjun/IdeaProjects/tuling/mall/tulingmall-front/node_modules/_webpack-dev-server@3.11.2@webpack-dev-server/client/utils/createSocketUrl.js
<s> [webpack.Progress] 10% building 7/14 modules 7 active /Users/yangsenjun/IdeaProjects/tuling/mall/tulingmall-front/node_modules/_webpack-dev-server@3.11.2@webpack-dev-server/client/utils/createSocketUrl.js
<s> [webpack.Progress] 10% building 8/14 modules 6 active /Users/yangsenjun/IdeaProjects/tuling/mall/tulingmall-front/node_modules/_webpack-dev-server@3.11.2@webpack-dev-server/client/utils/createSocketUrl.js
<s> [webpack.Progress] 11% building 9/14 modules 5 active /Users/yangsenjun/IdeaProjects/tuling/mall/tulingmall-front/node_modules/_webpack-dev-server@3.11.2@webpack-dev-server/client/utils/createSocketUrl.js
<s> [webpack.Progress] 11% building 10/14 modules 4 active /Users/yangsenjun/IdeaProjects/tuling/mall/tulingmall-front/node_modules/_webpack-dev-server@3.11.2@webpack-dev-server/client/utils/createSocketUrl.js
<s> [webpack.Progress] 11% building 11/14 modules 3 active /Users/yangsenjun/IdeaProjects/tuling/mall/tulingmall-front/node_modules/_webpack-dev-server@3.11.2@webpack-dev-server/client/utils/createSocketUrl.js
<s> [webpack.Progress] 11% building 12/14 modules 2 active /Users/yangsenjun/IdeaProjects/tuling/mall/tulingmall-front/node_modules/_webpack-dev-server@3.11.2@webpack-dev-server/client/utils/reloadApp.js
<s> [webpack.Progress] 40% building 12/14 modules 2 active /Users/yangsenjun/IdeaProjects/tuling/mall/tulingmall-front/node_modules/_webpack-dev-server@3.11.2@webpack-dev-server/client/utils/reloadApp.js
<s> [webpack.Progress] 40% building 13/14 modules 1 active /Users/yangsenjun/IdeaProjects/tuling/mall/tulingmall-front/node_modules/_webpack-dev-server@3.11.2@webpack-dev-server/client/utils/sendMessage.js
<s> [webpack.Progress] 40% building 14/14 modules 0 active 
<s> [webpack.Progress] 40% building 14/15 modules 1 active /Users/yangsenjun/IdeaProjects/tuling/mall/tulingmall-front/node_modules/_webpack-dev-server@3.11.2@webpack-dev-server/client/clients/SockJSClient.js
<s> [webpack.Progress] 40% building 14/16 modules 2 active /Users/yangsenjun/IdeaProjects/tuling/mall/tulingmall-front/node_modules/_events@3.3.0@events/events.js
<s> [webpack.Progress] 40% building 15/16 modules 1 active /Users/yangsenjun/IdeaProjects/tuling/mall/tulingmall-front/node_modules/_events@3.3.0@events/events.js
<s> [webpack.Progress] 40% building 15/17 modules 2 active /Users/yangsenjun/IdeaProjects/tuling/mall/tulingmall-front/node_modules/_webpack-dev-server@3.11.2@webpack-dev-server/client/utils/getCurrentScriptSource.js
<s> [webpack.Progress] 40% building 15/18 modules 3 active /Users/yangsenjun/IdeaProjects/tuling/mall/tulingmall-front/node_modules/_url@0.11.0@url/url.js
<s> [webpack.Progress] 40% building 16/18 modules 2 active /Users/yangsenjun/IdeaProjects/tuling/mall/tulingmall-front/node_modules/_url@0.11.0@url/url.js
<s> [webpack.Progress] 40% building 17/18 modules 1 active /Users/yangsenjun/IdeaProjects/tuling/mall/tulingmall-front/node_modules/_url@0.11.0@url/url.js
<s> [webpack.Progress] 40% building 18/18 modules 0 active 
<s> [webpack.Progress] 40% building 18/19 modules 1 active /Users/yangsenjun/IdeaProjects/tuling/mall/tulingmall-front/node_modules/_webpack-dev-server@3.11.2@webpack-dev-server/client/clients/BaseClient.js
<s> [webpack.Progress] 40% building 19/19 modules 0 active 
<s> [webpack.Progress] 40% building 19/20 modules 1 active /Users/yangsenjun/IdeaProjects/tuling/mall/tulingmall-front/node_modules/_url@0.11.0@url/util.js
<s> [webpack.Progress] 40% building 19/21 modules 2 active /Users/yangsenjun/IdeaProjects/tuling/mall/tulingmall-front/node_modules/_strip-ansi@3.0.1@strip-ansi/index.js
<s> [webpack.Progress] 40% building 19/22 modules 3 active /Users/yangsenjun/IdeaProjects/tuling/mall/tulingmall-front/node_modules/_punycode@1.4.1@punycode/punycode.js
<s> [webpack.Progress] 40% building 19/23 modules 4 active /Users/yangsenjun/IdeaProjects/tuling/mall/tulingmall-front/node_modules/_querystring-es3@0.2.1@querystring-es3/index.js
<s> [webpack.Progress] 40% building 20/23 modules 3 active /Users/yangsenjun/IdeaProjects/tuling/mall/tulingmall-front/node_modules/_querystring-es3@0.2.1@querystring-es3/index.js
<s> [webpack.Progress] 40% building 21/23 modules 2 active /Users/yangsenjun/IdeaProjects/tuling/mall/tulingmall-front/node_modules/_querystring-es3@0.2.1@querystring-es3/index.js
<s> [webpack.Progress] 40% building 21/24 modules 3 active /Users/yangsenjun/IdeaProjects/tuling/mall/tulingmall-front/node_modules/_ansi-html@0.0.7@ansi-html/index.js
<s> [webpack.Progress] 40% building 22/24 modules 2 active /Users/yangsenjun/IdeaProjects/tuling/mall/tulingmall-front/node_modules/_ansi-html@0.0.7@ansi-html/index.js
<s> [webpack.Progress] 40% building 23/24 modules 1 active /Users/yangsenjun/IdeaProjects/tuling/mall/tulingmall-front/node_modules/_ansi-html@0.0.7@ansi-html/index.js
<s> [webpack.Progress] 40% building 23/25 modules 2 active /Users/yangsenjun/IdeaProjects/tuling/mall/tulingmall-front/node_modules/_webpack@4.46.0@webpack/buildin/module.js
<s> [webpack.Progress] 40% building 23/26 modules 3 active /Users/yangsenjun/IdeaProjects/tuling/mall/tulingmall-front/node_modules/_webpack@4.46.0@webpack/buildin/global.js
<s> [webpack.Progress] 40% building 24/26 modules 2 active /Users/yangsenjun/IdeaProjects/tuling/mall/tulingmall-front/node_modules/_webpack@4.46.0@webpack/buildin/global.js
<s> [webpack.Progress] 40% building 25/26 modules 1 active /Users/yangsenjun/IdeaProjects/tuling/mall/tulingmall-front/node_modules/_ansi-html@0.0.7@ansi-html/index.js
<s> [webpack.Progress] 40% building 25/27 modules 2 active /Users/yangsenjun/IdeaProjects/tuling/mall/tulingmall-front/node_modules/_html-entities@1.4.0@html-entities/lib/index.js
<s> [webpack.Progress] 40% building 25/28 modules 3 active /Users/yangsenjun/IdeaProjects/tuling/mall/tulingmall-front/node_modules/_sockjs-client@1.5.1@sockjs-client/dist/sockjs.js
<s> [webpack.Progress] 40% building 26/28 modules 2 active /Users/yangsenjun/IdeaProjects/tuling/mall/tulingmall-front/node_modules/_sockjs-client@1.5.1@sockjs-client/dist/sockjs.js
<s> [webpack.Progress] 40% building 26/29 modules 3 active /Users/yangsenjun/IdeaProjects/tuling/mall/tulingmall-front/node_modules/_loglevel@1.7.1@loglevel/lib/loglevel.js
<s> [webpack.Progress] 40% building 27/29 modules 2 active /Users/yangsenjun/IdeaProjects/tuling/mall/tulingmall-front/node_modules/_loglevel@1.7.1@loglevel/lib/loglevel.js
<s> [webpack.Progress] 40% building 27/30 modules 3 active /Users/yangsenjun/IdeaProjects/tuling/mall/tulingmall-front/node_modules/_querystring-es3@0.2.1@querystring-es3/decode.js
<s> [webpack.Progress] 40% building 27/31 modules 4 active /Users/yangsenjun/IdeaProjects/tuling/mall/tulingmall-front/node_modules/_querystring-es3@0.2.1@querystring-es3/encode.js
<s> [webpack.Progress] 40% building 28/31 modules 3 active /Users/yangsenjun/IdeaProjects/tuling/mall/tulingmall-front/node_modules/_querystring-es3@0.2.1@querystring-es3/encode.js
<s> [webpack.Progress] 40% building 29/31 modules 2 active /Users/yangsenjun/IdeaProjects/tuling/mall/tulingmall-front/node_modules/_querystring-es3@0.2.1@querystring-es3/encode.js
<s> [webpack.Progress] 40% building 30/31 modules 1 active /Users/yangsenjun/IdeaProjects/tuling/mall/tulingmall-front/node_modules/_querystring-es3@0.2.1@querystring-es3/encode.js
<s> [webpack.Progress] 40% building 31/31 modules 0 active 
<s> [webpack.Progress] 40% building 31/32 modules 1 active /Users/yangsenjun/IdeaProjects/tuling/mall/tulingmall-front/node_modules/_html-entities@1.4.0@html-entities/lib/xml-entities.js
<s> [webpack.Progress] 40% building 31/33 modules 2 active /Users/yangsenjun/IdeaProjects/tuling/mall/tulingmall-front/node_modules/_html-entities@1.4.0@html-entities/lib/html4-entities.js
<s> [webpack.Progress] 40% building 31/34 modules 3 active /Users/yangsenjun/IdeaProjects/tuling/mall/tulingmall-front/node_modules/_html-entities@1.4.0@html-entities/lib/html5-entities.js
<s> [webpack.Progress] 40% building 32/34 modules 2 active /Users/yangsenjun/IdeaProjects/tuling/mall/tulingmall-front/node_modules/_html-entities@1.4.0@html-entities/lib/html5-entities.js
<s> [webpack.Progress] 40% building 33/34 modules 1 active /Users/yangsenjun/IdeaProjects/tuling/mall/tulingmall-front/node_modules/_html-entities@1.4.0@html-entities/lib/html4-entities.js
<s> [webpack.Progress] 40% building 34/34 modules 0 active 
<s> [webpack.Progress] 40% building 34/35 modules 1 active /Users/yangsenjun/IdeaProjects/tuling/mall/tulingmall-front/node_modules/_html-entities@1.4.0@html-entities/lib/surrogate-pairs.js
<s> [webpack.Progress] 40% building 35/35 modules 0 active 
<s> [webpack.Progress] 40% building 35/36 modules 1 active /Users/yangsenjun/IdeaProjects/tuling/mall/tulingmall-front/node_modules/_ansi-regex@2.1.1@ansi-regex/index.js
<s> [webpack.Progress] 40% building 36/36 modules 0 active 
<s> [webpack.Progress] 70% building 36/36 modules 0 active 
<s> [webpack.Progress] 70% finish module graph
<s> [webpack.Progress] 70% finish module graph FlagDependencyExportsPlugin
<s> [webpack.Progress] 70% sealing
<s> [webpack.Progress] 70% sealing WarnCaseSensitiveModulesPlugin
<s> [webpack.Progress] 72% basic dependencies optimization
<s> [webpack.Progress] 72% dependencies optimization
<s> [webpack.Progress] 73% advanced dependencies optimization
<s> [webpack.Progress] 73% after dependencies optimization
<s> [webpack.Progress] 71% chunk graph
<s> [webpack.Progress] 71% after chunk graph
<s> [webpack.Progress] 71% after chunk graph WebAssemblyModulesPlugin
<s> [webpack.Progress] 74% optimizing
<s> [webpack.Progress] 74% basic module optimization
<s> [webpack.Progress] 75% module optimization
<s> [webpack.Progress] 75% advanced module optimization
<s> [webpack.Progress] 76% after module optimization
<s> [webpack.Progress] 76% basic chunk optimization
<s> [webpack.Progress] 76% basic chunk optimization EnsureChunkConditionsPlugin
<s> [webpack.Progress] 76% basic chunk optimization RemoveEmptyChunksPlugin
<s> [webpack.Progress] 76% basic chunk optimization MergeDuplicateChunksPlugin
<s> [webpack.Progress] 77% chunk optimization
<s> [webpack.Progress] 77% advanced chunk optimization
<s> [webpack.Progress] 77% advanced chunk optimization SplitChunksPlugin
<s> [webpack.Progress] 77% advanced chunk optimization RemoveEmptyChunksPlugin
<s> [webpack.Progress] 77% after chunk optimization
<s> [webpack.Progress] 78% module and chunk tree optimization
<s> [webpack.Progress] 78% after module and chunk tree optimization
<s> [webpack.Progress] 79% basic chunk modules optimization
<s> [webpack.Progress] 80% chunk modules optimization
<s> [webpack.Progress] 80% advanced chunk modules optimization
<s> [webpack.Progress] 81% after chunk modules optimization
<s> [webpack.Progress] 81% module reviving
<s> [webpack.Progress] 81% module reviving RecordIdsPlugin
<s> [webpack.Progress] 82% module order optimization
<s> [webpack.Progress] 82% advanced module order optimization
<s> [webpack.Progress] 83% before module ids
<s> [webpack.Progress] 83% before module ids NamedModulesPlugin
<s> [webpack.Progress] 83% module ids
<s> [webpack.Progress] 84% module id optimization
<s> [webpack.Progress] 84% module id optimization
<s> [webpack.Progress] 85% chunk reviving
<s> [webpack.Progress] 85% chunk reviving RecordIdsPlugin
<s> [webpack.Progress] 85% chunk order optimization
<s> [webpack.Progress] 85% chunk order optimization OccurrenceOrderChunkIdsPlugin
<s> [webpack.Progress] 86% before chunk ids
<s> [webpack.Progress] 86% before chunk ids NamedChunksPlugin
<s> [webpack.Progress] 86% chunk id optimization
<s> [webpack.Progress] 87% after chunk id optimization
<s> [webpack.Progress] 87% record modules
<s> [webpack.Progress] 87% record modules RecordIdsPlugin
<s> [webpack.Progress] 87% record chunks
<s> [webpack.Progress] 87% record chunks RecordIdsPlugin
<s> [webpack.Progress] 88% hashing
<s> [webpack.Progress] 88% after hashing
<s> [webpack.Progress] 88% after hashing HotModuleReplacementPlugin
<s> [webpack.Progress] 89% record hash
<s> [webpack.Progress] 89% module assets processing
<s> [webpack.Progress] 90% chunk assets processing
<s> [webpack.Progress] 90% additional chunk assets processing
<s> [webpack.Progress] 90% additional chunk assets processing HotModuleReplacementPlugin
<s> [webpack.Progress] 91% recording
<s> [webpack.Progress] 91% recording HotModuleReplacementPlugin
<s> [webpack.Progress] 92% additional asset processing
<s> [webpack.Progress] 92% chunk asset optimization
<s> [webpack.Progress] 93% after chunk asset optimization
<s> [webpack.Progress] 93% asset optimization
<s> [webpack.Progress] 94% after asset optimization
<s> [webpack.Progress] 94% after seal
<s> [webpack.Progress] 95% emitting
<s> [webpack.Progress] 95% emitting HtmlWebpackPlugin
<s> [webpack.Progress] 95% emitting CopyPlugin
<s> [webpack.Progress] 98% after emitting
<s> [webpack.Progress] 98% after emitting CopyPlugin
 ERROR  Failed to compile with 1 error12:49:25 AM

This dependency was not found:

* /Users/yangsenjun/IdeaProjects/tuling/mall/tulingmall-front/$ in multi ./node_modules/_webpack-dev-server@3.11.2@webpack-dev-server/client?http://localhost:8080&sockPath=/sockjs-node (webpack)/hot/dev-server.js ./$

To install it, you can run: npm install --save /Users/yangsenjun/IdeaProjects/tuling/mall/tulingmall-front/$
<s> [webpack.Progress] 100% 

